# JRE version: OpenJDK Runtime Environment (8.0_212-b03) (build 1.8.0_212-8u212-b03-0ubuntu1.18.04.1-b03)
# Java VM: OpenJDK 64-Bit Server VM (25.212-b03 mixed mode linux-amd64 compressed oops)
Heap:
 PSYoungGen      total 264192K, used 28321K [0x00000000eb800000, 0x00000000ffa00000, 0x0000000100000000)
  eden space 204800K, 11% used [0x00000000eb800000,0x00000000ece235f8,0x00000000f8000000)
  from space 59392K, 9% used [0x00000000fc000000,0x00000000fc585150,0x00000000ffa00000)
  to   space 62464K, 0% used [0x00000000f8000000,0x00000000f8000000,0x00000000fbd00000)
 ParOldGen       total 406528K, used 268628K [0x00000000c2800000, 0x00000000db500000, 0x00000000eb800000)
  object space 406528K, 66% used [0x00000000c2800000,0x00000000d2e550f0,0x00000000db500000)
 Metaspace       used 85871K, capacity 91952K, committed 92416K, reserved 1130496K
  class space    used 9984K, capacity 11899K, committed 12032K, reserved 1048576K
GC Heap History (10 events):
Event: 1370,016 GC heap before
{Heap before GC invocations=452 (full 20):
 PSYoungGen      total 263168K, used 198464K [0x00000000eb800000, 0x0000000100000000, 0x0000000100000000)
  eden space 190464K, 100% used [0x00000000eb800000,0x00000000f7200000,0x00000000f7200000)
  from space 72704K, 11% used [0x00000000f7200000,0x00000000f79d0000,0x00000000fb900000)
  to   space 70656K, 0% used [0x00000000fbb00000,0x00000000fbb00000,0x0000000100000000)
 ParOldGen       total 406528K, used 159055K [0x00000000c2800000, 0x00000000db500000, 0x00000000eb800000)
  object space 406528K, 39% used [0x00000000c2800000,0x00000000cc353db0,0x00000000db500000)
 Metaspace       used 85657K, capacity 91632K, committed 91904K, reserved 1128448K
  class space    used 9979K, capacity 11899K, committed 12032K, reserved 1048576K
Event: 1370,040 GC heap after
Heap after GC invocations=452 (full 20):
 PSYoungGen      total 258048K, used 45502K [0x00000000eb800000, 0x0000000100000000, 0x0000000100000000)
  eden space 187392K, 0% used [0x00000000eb800000,0x00000000eb800000,0x00000000f6f00000)
  from space 70656K, 64% used [0x00000000fbb00000,0x00000000fe76fb58,0x0000000100000000)
  to   space 74240K, 0% used [0x00000000f6f00000,0x00000000f6f00000,0x00000000fb780000)
 ParOldGen       total 406528K, used 166975K [0x00000000c2800000, 0x00000000db500000, 0x00000000eb800000)
  object space 406528K, 41% used [0x00000000c2800000,0x00000000ccb0fdb0,0x00000000db500000)
 Metaspace       used 85657K, capacity 91632K, committed 91904K, reserved 1128448K
  class space    used 9979K, capacity 11899K, committed 12032K, reserved 1048576K
}
Event: 1370,418 GC heap before
{Heap before GC invocations=453 (full 20):
 PSYoungGen      total 258048K, used 232894K [0x00000000eb800000, 0x0000000100000000, 0x0000000100000000)
  eden space 187392K, 100% used [0x00000000eb800000,0x00000000f6f00000,0x00000000f6f00000)
  from space 70656K, 64% used [0x00000000fbb00000,0x00000000fe76fb58,0x0000000100000000)
  to   space 74240K, 0% used [0x00000000f6f00000,0x00000000f6f00000,0x00000000fb780000)
 ParOldGen       total 406528K, used 166975K [0x00000000c2800000, 0x00000000db500000, 0x00000000eb800000)
  object space 406528K, 41% used [0x00000000c2800000,0x00000000ccb0fdb0,0x00000000db500000)
 Metaspace       used 85657K, capacity 91632K, committed 91904K, reserved 1128448K
  class space    used 9979K, capacity 11899K, committed 12032K, reserved 1048576K
Event: 1370,441 GC heap after
Heap after GC invocations=453 (full 20):
 PSYoungGen      total 261632K, used 7904K [0x00000000eb800000, 0x00000000fff80000, 0x0000000100000000)
  eden space 187392K, 0% used [0x00000000eb800000,0x00000000eb800000,0x00000000f6f00000)
  from space 74240K, 10% used [0x00000000f6f00000,0x00000000f76b8000,0x00000000fb780000)
  to   space 72192K, 0% used [0x00000000fb900000,0x00000000fb900000,0x00000000fff80000)
 ParOldGen       total 406528K, used 212551K [0x00000000c2800000, 0x00000000db500000, 0x00000000eb800000)
  object space 406528K, 52% used [0x00000000c2800000,0x00000000cf791f88,0x00000000db500000)
 Metaspace       used 85657K, capacity 91632K, committed 91904K, reserved 1128448K
  class space    used 9979K, capacity 11899K, committed 12032K, reserved 1048576K
}
Event: 1371,347 GC heap before
{Heap before GC invocations=454 (full 20):
 PSYoungGen      total 261632K, used 195296K [0x00000000eb800000, 0x00000000fff80000, 0x0000000100000000)
  eden space 187392K, 100% used [0x00000000eb800000,0x00000000f6f00000,0x00000000f6f00000)
  from space 74240K, 10% used [0x00000000f6f00000,0x00000000f76b8000,0x00000000fb780000)
  to   space 72192K, 0% used [0x00000000fb900000,0x00000000fb900000,0x00000000fff80000)
 ParOldGen       total 406528K, used 212551K [0x00000000c2800000, 0x00000000db500000, 0x00000000eb800000)
  object space 406528K, 52% used [0x00000000c2800000,0x00000000cf791f88,0x00000000db500000)
 Metaspace       used 85667K, capacity 91632K, committed 91904K, reserved 1128448K
  class space    used 9979K, capacity 11899K, committed 12032K, reserved 1048576K
Event: 1371,368 GC heap after
Heap after GC invocations=454 (full 20):
 PSYoungGen      total 250880K, used 23896K [0x00000000eb800000, 0x00000000ff500000, 0x0000000100000000)
  eden space 189440K, 0% used [0x00000000eb800000,0x00000000eb800000,0x00000000f7100000)
  from space 61440K, 38% used [0x00000000fb900000,0x00000000fd056128,0x00000000ff500000)
  to   space 67584K, 0% used [0x00000000f7100000,0x00000000f7100000,0x00000000fb300000)
 ParOldGen       total 406528K, used 220351K [0x00000000c2800000, 0x00000000db500000, 0x00000000eb800000)
  object space 406528K, 54% used [0x00000000c2800000,0x00000000cff2ff88,0x00000000db500000)
 Metaspace       used 85667K, capacity 91632K, committed 91904K, reserved 1128448K
  class space    used 9979K, capacity 11899K, committed 12032K, reserved 1048576K
}
Event: 1371,797 GC heap before
{Heap before GC invocations=455 (full 20):
 PSYoungGen      total 250880K, used 213336K [0x00000000eb800000, 0x00000000ff500000, 0x0000000100000000)
  eden space 189440K, 100% used [0x00000000eb800000,0x00000000f7100000,0x00000000f7100000)
  from space 61440K, 38% used [0x00000000fb900000,0x00000000fd056128,0x00000000ff500000)
  to   space 67584K, 0% used [0x00000000f7100000,0x00000000f7100000,0x00000000fb300000)
 ParOldGen       total 406528K, used 220351K [0x00000000c2800000, 0x00000000db500000, 0x00000000eb800000)
  object space 406528K, 54% used [0x00000000c2800000,0x00000000cff2ff88,0x00000000db500000)
 Metaspace       used 85667K, capacity 91632K, committed 91904K, reserved 1128448K
  class space    used 9979K, capacity 11899K, committed 12032K, reserved 1048576K
Event: 1371,817 GC heap after
Heap after GC invocations=455 (full 20):
 PSYoungGen      total 257024K, used 24480K [0x00000000eb800000, 0x00000000ffe00000, 0x0000000100000000)
  eden space 189440K, 0% used [0x00000000eb800000,0x00000000eb800000,0x00000000f7100000)
  from space 67584K, 36% used [0x00000000f7100000,0x00000000f88e8030,0x00000000fb300000)
  to   space 63488K, 0% used [0x00000000fc000000,0x00000000fc000000,0x00000000ffe00000)
 ParOldGen       total 406528K, used 244212K [0x00000000c2800000, 0x00000000db500000, 0x00000000eb800000)
  object space 406528K, 60% used [0x00000000c2800000,0x00000000d167d0c0,0x00000000db500000)
 Metaspace       used 85667K, capacity 91632K, committed 91904K, reserved 1128448K
  class space    used 9979K, capacity 11899K, committed 12032K, reserved 1048576K
}
Event: 5490,901 GC heap before
{Heap before GC invocations=456 (full 20):
 PSYoungGen      total 257024K, used 213920K [0x00000000eb800000, 0x00000000ffe00000, 0x0000000100000000)
  eden space 189440K, 100% used [0x00000000eb800000,0x00000000f7100000,0x00000000f7100000)
  from space 67584K, 36% used [0x00000000f7100000,0x00000000f88e8030,0x00000000fb300000)
  to   space 63488K, 0% used [0x00000000fc000000,0x00000000fc000000,0x00000000ffe00000)
 ParOldGen       total 406528K, used 244212K [0x00000000c2800000, 0x00000000db500000, 0x00000000eb800000)
  object space 406528K, 60% used [0x00000000c2800000,0x00000000d167d0c0,0x00000000db500000)
 Metaspace       used 85807K, capacity 91824K, committed 92160K, reserved 1130496K
  class space    used 9979K, capacity 11899K, committed 12032K, reserved 1048576K
Event: 5490,919 GC heap after
Heap after GC invocations=456 (full 20):
 PSYoungGen      total 264192K, used 5652K [0x00000000eb800000, 0x00000000ffa00000, 0x0000000100000000)
  eden space 204800K, 0% used [0x00000000eb800000,0x00000000eb800000,0x00000000f8000000)
  from space 59392K, 9% used [0x00000000fc000000,0x00000000fc585150,0x00000000ffa00000)
  to   space 62464K, 0% used [0x00000000f8000000,0x00000000f8000000,0x00000000fbd00000)
 ParOldGen       total 406528K, used 268628K [0x00000000c2800000, 0x00000000db500000, 0x00000000eb800000)
  object space 406528K, 66% used [0x00000000c2800000,0x00000000d2e550f0,0x00000000db500000)
 Metaspace       used 85807K, capacity 91824K, committed 92160K, reserved 1130496K
  class space    used 9979K, capacity 11899K, committed 12032K, reserved 1048576K
}

